1774595853972	geckodriver	INFO	Listening on 127.0.0.1:50304
1774595857105	mozrunner::runner	INFO	Running command: "C:\\Users\\hp5cd\\.cache\\selenium\\firefox\\win64\\149.0\\firefox.exe" "--marionette" "--remote-debugging- ... 5" "--remote-allow-hosts" "localhost" "-no-remote" "-profile" "C:\\Users\\hp5cd\\AppData\\Local\\Temp\\rust_mozprofilenfTUpu"
Dynamically enable window occlusion 0
1774595858030	Marionette	INFO	Marionette enabled
1774595858228	Marionette	INFO	Listening on port 49377
WebDriver BiDi listening on ws://127.0.0.1:50305
Read port: 49377
1774595858519	RemoteAgent	WARN	TLS certificate errors will be ignored for this session
console.error: "Experiment visual-card-updates has unknown featureId: newtabRefinedCardsLayout"
JavaScript error: , line 0: SyntaxError: JSON.parse: expected double-quoted property name at line 1 column 153 of the JSON data
JavaScript error: , line 0: SyntaxError: JSON.parse: expected double-quoted property name at line 1 column 153 of the JSON data
JavaScript error: , line 0: SyntaxError: JSON.parse: expected double-quoted property name at line 1 column 153 of the JSON data
JavaScript error: , line 0: SyntaxError: JSON.parse: expected double-quoted property name at line 1 column 153 of the JSON data
JavaScript error: , line 0: SyntaxError: JSON.parse: expected double-quoted property name at line 1 column 153 of the JSON data
JavaScript warning: https://sdk.kleekr.com/mediation/native.js?t=492943, line 1: unreachable code after return statement
JavaScript error: , line 0: SyntaxError: JSON.parse: expected double-quoted property name at line 1 column 153 of the JSON data
1774595875879	Marionette	INFO	Stopped listening on port 49377
Dynamically enable window occlusion 1
console.error: Translations: "Failed to run language detection." (new AbortError("Actor 'Translations' destroyed before query 'Translations:GetDocumentElementLang' was resolved", (void 0)))
console.warn: TopSitesFeed: Failed to fetch data from MARS server: NetworkError when attempting to fetch resource.
