1774595600848	geckodriver	INFO	Listening on 127.0.0.1:53145
1774595604040	mozrunner::runner	INFO	Running command: "C:\\Users\\hp5cd\\.cache\\selenium\\firefox\\win64\\149.0\\firefox.exe" "--marionette" "--remote-debugging- ... 6" "--remote-allow-hosts" "localhost" "-no-remote" "-profile" "C:\\Users\\hp5cd\\AppData\\Local\\Temp\\rust_mozprofileX69Gsd"
Dynamically enable window occlusion 0
1774595604883	Marionette	INFO	Marionette enabled
1774595605061	Marionette	INFO	Listening on port 53153
WebDriver BiDi listening on ws://127.0.0.1:53146
Read port: 53153
1774595605324	RemoteAgent	WARN	TLS certificate errors will be ignored for this session
console.error: "Experiment visual-card-updates has unknown featureId: newtabRefinedCardsLayout"
JavaScript error: , line 0: SyntaxError: JSON.parse: expected double-quoted property name at line 1 column 153 of the JSON data
JavaScript error: , line 0: SyntaxError: JSON.parse: expected double-quoted property name at line 1 column 153 of the JSON data
JavaScript error: , line 0: SyntaxError: JSON.parse: expected double-quoted property name at line 1 column 153 of the JSON data
JavaScript error: , line 0: SyntaxError: JSON.parse: expected double-quoted property name at line 1 column 153 of the JSON data
JavaScript error: , line 0: SyntaxError: JSON.parse: expected double-quoted property name at line 1 column 153 of the JSON data
1774595638365	Marionette	INFO	Stopped listening on port 53153
Dynamically enable window occlusion 1
console.warn: TopSitesFeed: Failed to fetch data from MARS server: NetworkError when attempting to fetch resource.
console.error: services.settings: 
  main/vpn-serverlist Signature failed  [Exception... "<no message>"  nsresult: "0x8046001e (<unknown>)"  location: "JS frame :: resource://gre/modules/ServiceRequest.sys.mjs :: open :: line 126"  data: no]
console.error: services.settings: 
Object
  - prototype Object
    - columnNumber = 11
    - data = null
    - filename = resource://gre/modules/ServiceRequest.sys.mjs
    - lineNumber = 126
    - location = {"name":"open","filename":"resource://gre/modules/ServiceRequest.sys.mjs","sourceId":27,"lineNumber":126,"columnNumber":11,"asyncCause":null,"asyncCaller":null,"caller":{"filename":"resource://services-settings/Utils.sys.mjs","name":"fetch/<","sourceId":26,"lineNumber":284,"columnNumber":15,"asyncCause":null,"asyncCaller":null,"caller":{"filename":"resource://services-settings/Utils.sys.mjs","name":"fetch","sourceId":26,"lineNumber":235,"columnNumber":12,"asyncCause":null,"asyncCaller":null,"caller":{"filename":"resource://services-settings/RemoteSettingsClient.sys.mjs","name":"validateCollectionSignature","sourceId":24,"lineNumber":1104,"columnNumber":49,"asyncCause":null,"asyncCaller":null,"caller":null,"formattedStack":"validateCollectionSignature@resource://services-settings/RemoteSettingsClient.sys.mjs:1104:49\n","nativeSavedFrame":{}},"formattedStack":"fetch@resource://services-settings/Utils.sys.mjs:235:12\nvalidateCollectionSignature@resource://services-settings/RemoteSettingsClient.sys.mjs:1104:49\n","nativeSavedFrame":{}},"formattedStack":"fetch/<@resource://services-settings/Utils.sys.mjs:284:15\nfetch@resource://services-settings/Utils.sys.mjs:235:12\nvalidateCollectionSignature@resource://services-settings/RemoteSettingsClient.sys.mjs:1104:49\n","nativeSavedFrame":{}},"formattedStack":"open@resource://gre/modules/ServiceRequest.sys.mjs:126:11\nfetch/<@resource://services-settings/Utils.sys.mjs:284:15\nfetch@resource://services-settings/Utils.sys.mjs:235:12\nvalidateCollectionSignature@resource://services-settings/RemoteSettingsClient.sys.mjs:1104:49\n","nativeSavedFrame":{}}
    - message = 
    - name = 
    - result = 2152071198
    - stack = open@resource://gre/modules/ServiceRequest.sys.mjs:126:11|fetch/<@resource://services-settings/Utils.sys.mjs:284:15|fetch@resource://services-settings/Utils.sys.mjs:235:12|validateCollectionSignature@resource://services-settings/RemoteSettingsClient.sys.mjs:1104:49|
  - prototype Object
console.warn: services.settings: main/fingerprinting-protection-overrides sync interrupted by shutdown
console.warn: services.settings: main/search-telemetry-v2 sync interrupted by shutdown
console.warn: services.settings: main/devtools-compatibility-browsers sync interrupted by shutdown
console.warn: services.settings: main/urlbar-persisted-search-terms sync interrupted by shutdown
console.warn: services.settings: main/url-classifier-exceptions sync interrupted by shutdown
console.warn: services.settings: main/tracking-protection-lists sync interrupted by shutdown
console.error: (new AbortError("IndexedDB: main/ml-inference-options getLastModified() IndexedDB:  execute() A request was aborted, for example through a call to IDBTransaction.abort.", "resource://services-settings/IDBHelpers.sys.mjs", 16))
console.error: Translations: "Failed to run language detection." (new AbortError("Actor 'Translations' destroyed before query 'Translations:GetDocumentElementLang' was resolved", (void 0), 587))
